<?xml version="1.0" encoding="UTF-8"?>
<testsuite xmlns:xsi="http://www.w3.org/2001/XMLSchema-instance" xsi:noNamespaceSchemaLocation="https://maven.apache.org/surefire/maven-surefire-plugin/xsd/surefire-test-report.xsd" version="3.0.2" name="com.start.waschmachine.Reservation.ReservationRepositoryTest" time="0.716" tests="10" errors="0" skipped="0" failures="0">
  <properties>
[...]
</properties>
  <testcase name="findByMachineIdAndDate_shouldNotReturnOtherMachinesReservations" classname="com.start.waschmachine.Reservation.ReservationRepositoryTest" time="0.152">
    <system-out><![CDATA[2026-04-09T10:06:28.757+02:00  INFO 26912 --- [WaschmachineApplication] [           main] t.c.s.AnnotationConfigContextLoaderUtils : Could not detect default configuration classes for test class [com.start.waschmachine.Reservation.ReservationRepositoryTest]: ReservationRepositoryTest does not declare any static, non-private, non-final, nested classes annotated with @Configuration.
2026-04-09T10:06:28.790+02:00  INFO 26912 --- [WaschmachineApplication] [           main] .b.t.c.SpringBootTestContextBootstrapper : Found @SpringBootConfiguration com.start.waschmachine.WaschmachineApplication for test class com.start.waschmachine.Reservation.ReservationRepositoryTest
2026-04-09T10:06:28.790+02:00  INFO 26912 --- [WaschmachineApplication] [           main] m.p.springdotenv.DotenvPropertySource    : Initialized Dotenv with DotenvConfig{directory=null, filename=null, ignoreIfMalformed=false, ignoreIfMissing=true, systemProperties=false, prefix=null}

  .   ____          _            __ _ _
 /\\ / ___'_ __ _ _(_)_ __  __ _ \ \ \ \
( ( )\___ | '_ | '_| | '_ \/ _` | \ \ \ \
 \\/  ___)| |_)| | | | | || (_| |  ) ) ) )
  '  |____| .__|_| |_|_| |_\__, | / / / /
 =========|_|==============|___/=/_/_/_/

 :: Spring Boot ::                (v3.5.7)

2026-04-09T10:06:28.823+02:00  INFO 26912 --- [WaschmachineApplication] [           main] c.s.w.R.ReservationRepositoryTest        : Starting ReservationRepositoryTest using Java 21.0.4 with PID 26912 (started by Seif in C:\Users\Seif\Desktop\Projects\waschmachine)
2026-04-09T10:06:28.823+02:00  INFO 26912 --- [WaschmachineApplication] [           main] c.s.w.R.ReservationRepositoryTest        : The following 1 profile is active: "test"
2026-04-09T10:06:28.910+02:00  INFO 26912 --- [WaschmachineApplication] [           main] .s.d.r.c.RepositoryConfigurationDelegate : Bootstrapping Spring Data JPA repositories in DEFAULT mode.
2026-04-09T10:06:28.930+02:00  INFO 26912 --- [WaschmachineApplication] [           main] .s.d.r.c.RepositoryConfigurationDelegate : Finished Spring Data repository scanning in 18 ms. Found 3 JPA repository interfaces.
2026-04-09T10:06:28.940+02:00  INFO 26912 --- [WaschmachineApplication] [           main] beddedDataSourceBeanFactoryPostProcessor : Replacing 'dataSource' DataSource bean with embedded version
2026-04-09T10:06:28.959+02:00  INFO 26912 --- [WaschmachineApplication] [           main] o.s.j.d.e.EmbeddedDatabaseFactory        : Starting embedded database: url='jdbc:h2:mem:6a3feebe-68ae-4b2d-90df-5defe9956c80;DB_CLOSE_DELAY=-1;DB_CLOSE_ON_EXIT=false', username='sa'
2026-04-09T10:06:28.990+02:00  INFO 26912 --- [WaschmachineApplication] [           main] o.hibernate.jpa.internal.util.LogHelper  : HHH000204: Processing PersistenceUnitInfo [name: default]
2026-04-09T10:06:28.990+02:00  INFO 26912 --- [WaschmachineApplication] [           main] o.h.c.internal.RegionFactoryInitiator    : HHH000026: Second-level cache disabled
2026-04-09T10:06:29.006+02:00  INFO 26912 --- [WaschmachineApplication] [           main] o.s.o.j.p.SpringPersistenceUnitInfo      : No LoadTimeWeaver setup: ignoring JPA class transformer
2026-04-09T10:06:29.006+02:00  WARN 26912 --- [WaschmachineApplication] [           main] org.hibernate.orm.deprecation            : HHH90000025: H2Dialect does not need to be specified explicitly using 'hibernate.dialect' (remove the property setting and it will be selected by default)
2026-04-09T10:06:29.023+02:00  INFO 26912 --- [WaschmachineApplication] [           main] org.hibernate.orm.connections.pooling    : HHH10001005: Database info:
	Database JDBC URL [Connecting through datasource 'org.springframework.jdbc.datasource.embedded.EmbeddedDatabaseFactory$EmbeddedDataSourceProxy@5f5c5fc2']
	Database driver: undefined/unknown
	Database version: 2.3.232
	Autocommit mode: undefined/unknown
	Isolation level: undefined/unknown
	Minimum pool size: undefined/unknown
	Maximum pool size: undefined/unknown
2026-04-09T10:06:29.127+02:00  INFO 26912 --- [WaschmachineApplication] [           main] o.h.e.t.j.p.i.JtaPlatformInitiator       : HHH000489: No JTA platform available (set 'hibernate.transaction.jta.platform' to enable JTA platform integration)
Hibernate: drop table if exists reservation cascade 
Hibernate: drop table if exists Student cascade 
Hibernate: drop table if exists Washmachine cascade 
Hibernate: create table reservation (date date not null, machineId integer not null, price numeric(38,2), reservationId integer generated by default as identity, studentId integer not null, washDuration integer, createdAt timestamp(6) not null, endTime varchar(255) not null, startTime varchar(255) not null, status varchar(255) not null, washType varchar(255), primary key (reservationId))
Hibernate: create table Student (balance numeric(38,2), "studentId" integer generated by default as identity, email varchar(255) not null, nachname varchar(255) not null, password varchar(255) not null, role varchar(255), vorname varchar(255) not null, primary key ("studentId"))
Hibernate: create table Washmachine (isOpen boolean, machineId integer generated by default as identity, timeRemaining integer, machineNr varchar(255) not null, status varchar(255), type varchar(255), users varchar(255), primary key (machineId))
Hibernate: alter table if exists reservation add constraint FK6tqmgj4251hjtgnxe16aql4x6 foreign key (studentId) references Student
Hibernate: alter table if exists reservation add constraint FKftvilgpq0a4b3mnucdcs3bpv3 foreign key (machineId) references Washmachine
2026-04-09T10:06:29.129+02:00  INFO 26912 --- [WaschmachineApplication] [           main] j.LocalContainerEntityManagerFactoryBean : Initialized JPA EntityManagerFactory for persistence unit 'default'
2026-04-09T10:06:29.190+02:00  INFO 26912 --- [WaschmachineApplication] [           main] c.s.w.R.ReservationRepositoryTest        : Started ReservationRepositoryTest in 0.4 seconds (process running for 11.471)
Hibernate: insert into Washmachine (isOpen,machineNr,status,timeRemaining,type,users,machineId) values (?,?,?,?,?,?,default)
Hibernate: insert into Student (balance,email,nachname,password,role,vorname,"studentId") values (?,?,?,?,?,?,default)
Hibernate: insert into Washmachine (isOpen,machineNr,status,timeRemaining,type,users,machineId) values (?,?,?,?,?,?,default)
Hibernate: insert into reservation (createdAt,date,endTime,price,startTime,status,studentId,washDuration,washType,machineId,reservationId) values (?,?,?,?,?,?,?,?,?,?,default)
Hibernate: select r1_0.reservationId,r1_0.createdAt,r1_0.date,r1_0.endTime,r1_0.price,r1_0.startTime,r1_0.status,r1_0.studentId,r1_0.washDuration,r1_0.washType,r1_0.machineId from reservation r1_0 where r1_0.machineId=? and r1_0.date=? and r1_0.status='active'
]]></system-out>
  </testcase>
  <testcase name="isSlotTaken_shouldReturnTrue_whenActiveReservationExists" classname="com.start.waschmachine.Reservation.ReservationRepositoryTest" time="0.022">
    <system-out><![CDATA[Hibernate: insert into Washmachine (isOpen,machineNr,status,timeRemaining,type,users,machineId) values (?,?,?,?,?,?,default)
Hibernate: insert into Student (balance,email,nachname,password,role,vorname,"studentId") values (?,?,?,?,?,?,default)
Hibernate: insert into reservation (createdAt,date,endTime,price,startTime,status,studentId,washDuration,washType,machineId,reservationId) values (?,?,?,?,?,?,?,?,?,?,default)
Hibernate: select case when count(r1_0.reservationId)>0 then true else false end from reservation r1_0 where r1_0.machineId=? and r1_0.startTime=? and r1_0.date=? and r1_0.status='active'
]]></system-out>
  </testcase>
  <testcase name="isSlotTaken_shouldReturnFalse_whenDifferentMachineIsUsed" classname="com.start.waschmachine.Reservation.ReservationRepositoryTest" time="0.009">
    <system-out><![CDATA[Hibernate: insert into Washmachine (isOpen,machineNr,status,timeRemaining,type,users,machineId) values (?,?,?,?,?,?,default)
Hibernate: insert into Student (balance,email,nachname,password,role,vorname,"studentId") values (?,?,?,?,?,?,default)
Hibernate: insert into Washmachine (isOpen,machineNr,status,timeRemaining,type,users,machineId) values (?,?,?,?,?,?,default)
Hibernate: insert into reservation (createdAt,date,endTime,price,startTime,status,studentId,washDuration,washType,machineId,reservationId) values (?,?,?,?,?,?,?,?,?,?,default)
Hibernate: select case when count(r1_0.reservationId)>0 then true else false end from reservation r1_0 where r1_0.machineId=? and r1_0.startTime=? and r1_0.date=? and r1_0.status='active'
]]></system-out>
  </testcase>
  <testcase name="findByMachineIdAndDate_shouldExcludeCancelledReservations" classname="com.start.waschmachine.Reservation.ReservationRepositoryTest" time="0.017">
    <system-out><![CDATA[Hibernate: insert into Washmachine (isOpen,machineNr,status,timeRemaining,type,users,machineId) values (?,?,?,?,?,?,default)
Hibernate: insert into Student (balance,email,nachname,password,role,vorname,"studentId") values (?,?,?,?,?,?,default)
Hibernate: insert into reservation (createdAt,date,endTime,price,startTime,status,studentId,washDuration,washType,machineId,reservationId) values (?,?,?,?,?,?,?,?,?,?,default)
Hibernate: select r1_0.reservationId,r1_0.createdAt,r1_0.date,r1_0.endTime,r1_0.price,r1_0.startTime,r1_0.status,r1_0.studentId,r1_0.washDuration,r1_0.washType,r1_0.machineId from reservation r1_0 where r1_0.machineId=? and r1_0.date=? and r1_0.status='active'
]]></system-out>
  </testcase>
  <testcase name="isSlotTaken_shouldReturnFalse_whenNoReservationExists" classname="com.start.waschmachine.Reservation.ReservationRepositoryTest" time="0.0">
    <system-out><![CDATA[Hibernate: insert into Washmachine (isOpen,machineNr,status,timeRemaining,type,users,machineId) values (?,?,?,?,?,?,default)
Hibernate: insert into Student (balance,email,nachname,password,role,vorname,"studentId") values (?,?,?,?,?,?,default)
Hibernate: select case when count(r1_0.reservationId)>0 then true else false end from reservation r1_0 where r1_0.machineId=? and r1_0.startTime=? and r1_0.date=? and r1_0.status='active'
]]></system-out>
  </testcase>
  <testcase name="findByMachineIdAndDate_shouldReturnEmpty_whenNoReservationsForDate" classname="com.start.waschmachine.Reservation.ReservationRepositoryTest" time="0.002">
    <system-out><![CDATA[Hibernate: insert into Washmachine (isOpen,machineNr,status,timeRemaining,type,users,machineId) values (?,?,?,?,?,?,default)
Hibernate: insert into Student (balance,email,nachname,password,role,vorname,"studentId") values (?,?,?,?,?,?,default)
Hibernate: select r1_0.reservationId,r1_0.createdAt,r1_0.date,r1_0.endTime,r1_0.price,r1_0.startTime,r1_0.status,r1_0.studentId,r1_0.washDuration,r1_0.washType,r1_0.machineId from reservation r1_0 where r1_0.machineId=? and r1_0.date=? and r1_0.status='active'
]]></system-out>
  </testcase>
  <testcase name="findByMachineIdAndDate_shouldReturnMultipleReservations" classname="com.start.waschmachine.Reservation.ReservationRepositoryTest" time="0.016">
    <system-out><![CDATA[Hibernate: insert into Washmachine (isOpen,machineNr,status,timeRemaining,type,users,machineId) values (?,?,?,?,?,?,default)
Hibernate: insert into Student (balance,email,nachname,password,role,vorname,"studentId") values (?,?,?,?,?,?,default)
Hibernate: insert into reservation (createdAt,date,endTime,price,startTime,status,studentId,washDuration,washType,machineId,reservationId) values (?,?,?,?,?,?,?,?,?,?,default)
Hibernate: insert into reservation (createdAt,date,endTime,price,startTime,status,studentId,washDuration,washType,machineId,reservationId) values (?,?,?,?,?,?,?,?,?,?,default)
Hibernate: select r1_0.reservationId,r1_0.createdAt,r1_0.date,r1_0.endTime,r1_0.price,r1_0.startTime,r1_0.status,r1_0.studentId,r1_0.washDuration,r1_0.washType,r1_0.machineId from reservation r1_0 where r1_0.machineId=? and r1_0.date=? and r1_0.status='active'
]]></system-out>
  </testcase>
  <testcase name="isSlotTaken_shouldReturnFalse_whenReservationIsCancelled" classname="com.start.waschmachine.Reservation.ReservationRepositoryTest" time="0.017">
    <system-out><![CDATA[Hibernate: insert into Washmachine (isOpen,machineNr,status,timeRemaining,type,users,machineId) values (?,?,?,?,?,?,default)
Hibernate: insert into Student (balance,email,nachname,password,role,vorname,"studentId") values (?,?,?,?,?,?,default)
Hibernate: insert into reservation (createdAt,date,endTime,price,startTime,status,studentId,washDuration,washType,machineId,reservationId) values (?,?,?,?,?,?,?,?,?,?,default)
Hibernate: select case when count(r1_0.reservationId)>0 then true else false end from reservation r1_0 where r1_0.machineId=? and r1_0.startTime=? and r1_0.date=? and r1_0.status='active'
]]></system-out>
  </testcase>
  <testcase name="isSlotTaken_shouldReturnFalse_whenDifferentDateIsUsed" classname="com.start.waschmachine.Reservation.ReservationRepositoryTest" time="0.018">
    <system-out><![CDATA[Hibernate: insert into Washmachine (isOpen,machineNr,status,timeRemaining,type,users,machineId) values (?,?,?,?,?,?,default)
Hibernate: insert into Student (balance,email,nachname,password,role,vorname,"studentId") values (?,?,?,?,?,?,default)
Hibernate: insert into reservation (createdAt,date,endTime,price,startTime,status,studentId,washDuration,washType,machineId,reservationId) values (?,?,?,?,?,?,?,?,?,?,default)
Hibernate: select case when count(r1_0.reservationId)>0 then true else false end from reservation r1_0 where r1_0.machineId=? and r1_0.startTime=? and r1_0.date=? and r1_0.status='active'
]]></system-out>
  </testcase>
  <testcase name="findByMachineIdAndDate_shouldReturnActiveReservations" classname="com.start.waschmachine.Reservation.ReservationRepositoryTest" time="0.015">
    <system-out><![CDATA[Hibernate: insert into Washmachine (isOpen,machineNr,status,timeRemaining,type,users,machineId) values (?,?,?,?,?,?,default)
Hibernate: insert into Student (balance,email,nachname,password,role,vorname,"studentId") values (?,?,?,?,?,?,default)
Hibernate: insert into reservation (createdAt,date,endTime,price,startTime,status,studentId,washDuration,washType,machineId,reservationId) values (?,?,?,?,?,?,?,?,?,?,default)
Hibernate: select r1_0.reservationId,r1_0.createdAt,r1_0.date,r1_0.endTime,r1_0.price,r1_0.startTime,r1_0.status,r1_0.studentId,r1_0.washDuration,r1_0.washType,r1_0.machineId from reservation r1_0 where r1_0.machineId=? and r1_0.date=? and r1_0.status='active'
]]></system-out>
  </testcase>
</testsuite>