<?xml version="1.0" encoding="UTF-8"?>
<testsuite xmlns:xsi="http://www.w3.org/2001/XMLSchema-instance" xsi:noNamespaceSchemaLocation="https://maven.apache.org/surefire/maven-surefire-plugin/xsd/surefire-test-report.xsd" version="3.0.2" name="com.start.waschmachine.Student.StudentControllerTest" time="0.301" tests="5" errors="0" skipped="0" failures="0">
  <properties>
[...]
</properties>
  <testcase name="register_returnsStudent" classname="com.start.waschmachine.Student.StudentControllerTest" time="0.017">
    <system-out><![CDATA[2026-04-09T10:06:30.055+02:00  INFO 26912 --- [WaschmachineApplication] [           main] t.c.s.AnnotationConfigContextLoaderUtils : Could not detect default configuration classes for test class [com.start.waschmachine.Student.StudentControllerTest]: StudentControllerTest does not declare any static, non-private, non-final, nested classes annotated with @Configuration.
2026-04-09T10:06:30.057+02:00  INFO 26912 --- [WaschmachineApplication] [           main] .b.t.c.SpringBootTestContextBootstrapper : Found @SpringBootConfiguration com.start.waschmachine.WaschmachineApplication for test class com.start.waschmachine.Student.StudentControllerTest
2026-04-09T10:06:30.074+02:00  INFO 26912 --- [WaschmachineApplication] [           main] m.p.springdotenv.DotenvPropertySource    : Initialized Dotenv with DotenvConfig{directory=null, filename=null, ignoreIfMalformed=false, ignoreIfMissing=true, systemProperties=false, prefix=null}

  .   ____          _            __ _ _
 /\\ / ___'_ __ _ _(_)_ __  __ _ \ \ \ \
( ( )\___ | '_ | '_| | '_ \/ _` | \ \ \ \
 \\/  ___)| |_)| | | | | || (_| |  ) ) ) )
  '  |____| .__|_| |_|_| |_\__, | / / / /
 =========|_|==============|___/=/_/_/_/

 :: Spring Boot ::                (v3.5.7)

2026-04-09T10:06:30.085+02:00  INFO 26912 --- [WaschmachineApplication] [           main] c.s.w.Student.StudentControllerTest      : Starting StudentControllerTest using Java 21.0.4 with PID 26912 (started by Seif in C:\Users\Seif\Desktop\Projects\waschmachine)
2026-04-09T10:06:30.085+02:00  INFO 26912 --- [WaschmachineApplication] [           main] c.s.w.Student.StudentControllerTest      : No active profile set, falling back to 1 default profile: "default"
2026-04-09T10:06:30.273+02:00  WARN 26912 --- [WaschmachineApplication] [           main] .s.s.UserDetailsServiceAutoConfiguration : 

Using generated security password: 29f2e23a-46f1-4785-b471-ee701b88f122

This generated password is for development use only. Your security configuration must be updated before running your application in production.

2026-04-09T10:06:30.273+02:00  INFO 26912 --- [WaschmachineApplication] [           main] r$InitializeUserDetailsManagerConfigurer : Global AuthenticationManager configured with UserDetailsService bean with name inMemoryUserDetailsManager
2026-04-09T10:06:30.289+02:00  INFO 26912 --- [WaschmachineApplication] [           main] o.s.b.t.m.w.SpringBootMockServletContext : Initializing Spring TestDispatcherServlet ''
2026-04-09T10:06:30.289+02:00  INFO 26912 --- [WaschmachineApplication] [           main] o.s.t.web.servlet.TestDispatcherServlet  : Initializing Servlet ''
2026-04-09T10:06:30.290+02:00  INFO 26912 --- [WaschmachineApplication] [           main] o.s.t.web.servlet.TestDispatcherServlet  : Completed initialization in 1 ms
2026-04-09T10:06:30.290+02:00  INFO 26912 --- [WaschmachineApplication] [           main] c.s.w.Student.StudentControllerTest      : Started StudentControllerTest in 0.233 seconds (process running for 12.574)
]]></system-out>
  </testcase>
  <testcase name="getStudent_existingId_returnsStudent" classname="com.start.waschmachine.Student.StudentControllerTest" time="0.009"/>
  <testcase name="getStudent_nonExistentId_returnsNull" classname="com.start.waschmachine.Student.StudentControllerTest" time="0.006"/>
  <testcase name="login_validCredentials_returns200" classname="com.start.waschmachine.Student.StudentControllerTest" time="0.018"/>
  <testcase name="login_invalidCredentials_returns401" classname="com.start.waschmachine.Student.StudentControllerTest" time="0.0"/>
</testsuite>